<?xml version="1.0" encoding="UTF-8"?>
<!-- Generated by org.testng.reporters.JUnitXMLReporter -->
<testsuite ignored="0" hostname="DESKTOP-AA4PKFL" failures="1" tests="1" name="Test2" time="33.923" errors="0" timestamp="2023-10-19T23:02:43 GMT-07:00">
  <testcase classname="TestScript.GeneralStoreLogin" name="CompatibilityTesting" time="33.852">
    <failure type="org.openqa.selenium.NoSuchSessionException" message="The session identified by 0c1ba2ae-b906-472c-b554-165e5d326446 is not known
Build info: version: &amp;apos;4.14.1&amp;apos;, revision: &amp;apos;03f8ede370&amp;apos;
System info: os.name: &amp;apos;Windows 10&amp;apos;, os.arch: &amp;apos;amd64&amp;apos;, os.version: &amp;apos;10.0&amp;apos;, java.version: &amp;apos;17.0.8.1&amp;apos;
Driver info: io.appium.java_client.android.AndroidDriver
Command: [9dec289b-8900-4bbd-9497-21d0e4547966, findElement {using=id, value=com.androidsample.generalstore:id/spinnerCountry}]
Capabilities {appium:UDID: 88068908, appium:appActivity: .SplashActivity, appium:appPackage: com.androidsample.generalstore, appium:automationName: UiAutomator2, appium:databaseEnabled: false, appium:desired: {UDID: 88068908, appActivity: .SplashActivity, appPackage: com.androidsample.generalstore, automationName: UiAutomator2, deviceName: RedmiNote 9ProMax, platformName: ANDROID}, appium:deviceApiLevel: 31, appium:deviceManufacturer: Xiaomi, appium:deviceModel: Redmi Note 9 Pro Max, appium:deviceName: 88068908, appium:deviceScreenDensity: 440, appium:deviceScreenSize: 1080x2400, appium:deviceUDID: 88068908, appium:javascriptEnabled: true, appium:locationContextEnabled: false, appium:networkConnectionEnabled: true, appium:pixelRatio: 2.75, appium:platformVersion: 12, appium:statBarHeight: 102, appium:takesScreenshot: true, appium:viewportRect: {height: 2066, left: 0, top: 102, width: 1080}, appium:warnings: {}, appium:webStorageEnabled: false, platformName: ANDROID}
Session ID: 9dec289b-8900-4bbd-9497-21d0e4547966">
      <![CDATA[org.openqa.selenium.NoSuchSessionException: The session identified by 0c1ba2ae-b906-472c-b554-165e5d326446 is not known
Build info: version: '4.14.1', revision: '03f8ede370'
System info: os.name: 'Windows 10', os.arch: 'amd64', os.version: '10.0', java.version: '17.0.8.1'
Driver info: io.appium.java_client.android.AndroidDriver
Command: [9dec289b-8900-4bbd-9497-21d0e4547966, findElement {using=id, value=com.androidsample.generalstore:id/spinnerCountry}]
Capabilities {appium:UDID: 88068908, appium:appActivity: .SplashActivity, appium:appPackage: com.androidsample.generalstore, appium:automationName: UiAutomator2, appium:databaseEnabled: false, appium:desired: {UDID: 88068908, appActivity: .SplashActivity, appPackage: com.androidsample.generalstore, automationName: UiAutomator2, deviceName: RedmiNote 9ProMax, platformName: ANDROID}, appium:deviceApiLevel: 31, appium:deviceManufacturer: Xiaomi, appium:deviceModel: Redmi Note 9 Pro Max, appium:deviceName: 88068908, appium:deviceScreenDensity: 440, appium:deviceScreenSize: 1080x2400, appium:deviceUDID: 88068908, appium:javascriptEnabled: true, appium:locationContextEnabled: false, appium:networkConnectionEnabled: true, appium:pixelRatio: 2.75, appium:platformVersion: 12, appium:statBarHeight: 102, appium:takesScreenshot: true, appium:viewportRect: {height: 2066, left: 0, top: 102, width: 1080}, appium:warnings: {}, appium:webStorageEnabled: false, platformName: ANDROID}
Session ID: 9dec289b-8900-4bbd-9497-21d0e4547966
at org.openqa.selenium.remote.codec.w3c.W3CHttpResponseCodec.createException(W3CHttpResponseCodec.java:200)
at org.openqa.selenium.remote.codec.w3c.W3CHttpResponseCodec.decode(W3CHttpResponseCodec.java:133)
at org.openqa.selenium.remote.codec.w3c.W3CHttpResponseCodec.decode(W3CHttpResponseCodec.java:52)
at org.openqa.selenium.remote.HttpCommandExecutor.execute(HttpCommandExecutor.java:191)
at io.appium.java_client.remote.AppiumCommandExecutor.execute(AppiumCommandExecutor.java:238)
at org.openqa.selenium.remote.RemoteWebDriver.execute(RemoteWebDriver.java:602)
at org.openqa.selenium.remote.ElementLocation$ElementFinder$2.findElement(ElementLocation.java:165)
at org.openqa.selenium.remote.ElementLocation.findElement(ElementLocation.java:66)
at org.openqa.selenium.remote.RemoteWebDriver.findElement(RemoteWebDriver.java:359)
at org.openqa.selenium.remote.RemoteWebDriver.findElement(RemoteWebDriver.java:353)
at TestScript.GeneralStoreLogin.CompatibilityTesting(GeneralStoreLogin.java:51)
at java.base/java.util.ArrayList.forEach(ArrayList.java:1511)
at java.base/java.util.concurrent.FutureTask.run(FutureTask.java:264)
at java.base/java.util.concurrent.ThreadPoolExecutor.runWorker(ThreadPoolExecutor.java:1136)
at java.base/java.util.concurrent.ThreadPoolExecutor$Worker.run(ThreadPoolExecutor.java:635)
at java.base/java.lang.Thread.run(Thread.java:833)
... Removed 23 stack frames]]>
    </failure>
  </testcase> <!-- CompatibilityTesting -->
</testsuite> <!-- Test2 -->
