<?xml version="1.0" encoding="UTF-8"?>
<testng-results ignored="0" total="1" passed="0" failed="1" skipped="0">
  <reporter-output>
  </reporter-output>
  <suite started-at="2023-11-06T23:42:38 GMT-08:00" name="Default suite" finished-at="2023-11-06T23:43:30 GMT-08:00" duration-ms="51512">
    <groups>
    </groups>
    <test started-at="2023-11-06T23:42:38 GMT-08:00" name="Default test" finished-at="2023-11-06T23:43:30 GMT-08:00" duration-ms="51512">
      <class name="TestScript.InstagaramTest">
        <test-method signature="ScrollReels()[pri:0, instance:TestScript.InstagaramTest@581ac8a8]" started-at="2023-11-06T23:42:38 GMT-08:00" name="ScrollReels" finished-at="2023-11-06T23:43:30 GMT-08:00" duration-ms="51439" status="FAIL">
          <exception class="org.openqa.selenium.NoSuchElementException">
            <message>
              <![CDATA[An element could not be located on the page using the given search parameters.
For documentation on this error, please visit: https://www.selenium.dev/documentation/webdriver/troubleshooting/errors#no-such-element-exception
Build info: version: '4.15.0', revision: '1d14b5521b'
System info: os.name: 'Windows 10', os.arch: 'amd64', os.version: '10.0', java.version: '17.0.8.1'
Driver info: io.appium.java_client.android.AndroidDriver
Command: [3f0f7bad-aa02-40b2-b96a-f95e287ea7ee, findElement {using=xpath, value=(//android.widget.LinearLayout[@index='0'])[4]}]
Capabilities {appium:UDID: 88068908, appium:appActivity: com.instagram.mainactivity...., appium:appPackage: com.instagram.android, appium:automationName: UiAutomator2, appium:databaseEnabled: false, appium:desired: {UDID: 88068908, appActivity: com.instagram.mainactivity...., appPackage: com.instagram.android, automationName: UiAutomator2, deviceName: RedmiNote 9ProMax, platformName: ANDROID}, appium:deviceApiLevel: 31, appium:deviceManufacturer: Xiaomi, appium:deviceModel: Redmi Note 9 Pro Max, appium:deviceName: 88068908, appium:deviceScreenDensity: 440, appium:deviceScreenSize: 1080x2400, appium:deviceUDID: 88068908, appium:javascriptEnabled: true, appium:locationContextEnabled: false, appium:networkConnectionEnabled: true, appium:pixelRatio: 2.75, appium:platformVersion: 12, appium:statBarHeight: 102, appium:takesScreenshot: true, appium:viewportRect: {height: 2066, left: 0, top: 102, width: 1080}, appium:warnings: {}, appium:webStorageEnabled: false, platformName: ANDROID}
Session ID: 3f0f7bad-aa02-40b2-b96a-f95e287ea7ee]]>
            </message>
            <full-stacktrace>
              <![CDATA[org.openqa.selenium.NoSuchElementException: An element could not be located on the page using the given search parameters.
For documentation on this error, please visit: https://www.selenium.dev/documentation/webdriver/troubleshooting/errors#no-such-element-exception
Build info: version: '4.15.0', revision: '1d14b5521b'
System info: os.name: 'Windows 10', os.arch: 'amd64', os.version: '10.0', java.version: '17.0.8.1'
Driver info: io.appium.java_client.android.AndroidDriver
Command: [3f0f7bad-aa02-40b2-b96a-f95e287ea7ee, findElement {using=xpath, value=(//android.widget.LinearLayout[@index='0'])[4]}]
Capabilities {appium:UDID: 88068908, appium:appActivity: com.instagram.mainactivity...., appium:appPackage: com.instagram.android, appium:automationName: UiAutomator2, appium:databaseEnabled: false, appium:desired: {UDID: 88068908, appActivity: com.instagram.mainactivity...., appPackage: com.instagram.android, automationName: UiAutomator2, deviceName: RedmiNote 9ProMax, platformName: ANDROID}, appium:deviceApiLevel: 31, appium:deviceManufacturer: Xiaomi, appium:deviceModel: Redmi Note 9 Pro Max, appium:deviceName: 88068908, appium:deviceScreenDensity: 440, appium:deviceScreenSize: 1080x2400, appium:deviceUDID: 88068908, appium:javascriptEnabled: true, appium:locationContextEnabled: false, appium:networkConnectionEnabled: true, appium:pixelRatio: 2.75, appium:platformVersion: 12, appium:statBarHeight: 102, appium:takesScreenshot: true, appium:viewportRect: {height: 2066, left: 0, top: 102, width: 1080}, appium:warnings: {}, appium:webStorageEnabled: false, platformName: ANDROID}
Session ID: 3f0f7bad-aa02-40b2-b96a-f95e287ea7ee
at java.base/jdk.internal.reflect.NativeConstructorAccessorImpl.newInstance0(Native Method)
at java.base/jdk.internal.reflect.NativeConstructorAccessorImpl.newInstance(NativeConstructorAccessorImpl.java:77)
at java.base/jdk.internal.reflect.DelegatingConstructorAccessorImpl.newInstance(DelegatingConstructorAccessorImpl.java:45)
at java.base/java.lang.reflect.Constructor.newInstanceWithCaller(Constructor.java:499)
at java.base/java.lang.reflect.Constructor.newInstance(Constructor.java:480)
at org.openqa.selenium.remote.codec.w3c.W3CHttpResponseCodec.createException(W3CHttpResponseCodec.java:200)
at org.openqa.selenium.remote.codec.w3c.W3CHttpResponseCodec.decode(W3CHttpResponseCodec.java:133)
at org.openqa.selenium.remote.codec.w3c.W3CHttpResponseCodec.decode(W3CHttpResponseCodec.java:52)
at org.openqa.selenium.remote.HttpCommandExecutor.execute(HttpCommandExecutor.java:191)
at io.appium.java_client.remote.AppiumCommandExecutor.execute(AppiumCommandExecutor.java:238)
at org.openqa.selenium.remote.RemoteWebDriver.execute(RemoteWebDriver.java:607)
at org.openqa.selenium.remote.ElementLocation$ElementFinder$2.findElement(ElementLocation.java:165)
at org.openqa.selenium.remote.ElementLocation.findElement(ElementLocation.java:59)
at org.openqa.selenium.remote.RemoteWebDriver.findElement(RemoteWebDriver.java:364)
at org.openqa.selenium.remote.RemoteWebDriver.findElement(RemoteWebDriver.java:358)
at TestScript.InstagaramTest.ScrollReels(InstagaramTest.java:37)
at java.base/jdk.internal.reflect.NativeMethodAccessorImpl.invoke0(Native Method)
at java.base/jdk.internal.reflect.NativeMethodAccessorImpl.invoke(NativeMethodAccessorImpl.java:77)
at java.base/jdk.internal.reflect.DelegatingMethodAccessorImpl.invoke(DelegatingMethodAccessorImpl.java:43)
at java.base/java.lang.reflect.Method.invoke(Method.java:568)
at org.testng.internal.MethodInvocationHelper.invokeMethod(MethodInvocationHelper.java:133)
at org.testng.internal.TestInvoker.invokeMethod(TestInvoker.java:598)
at org.testng.internal.TestInvoker.invokeTestMethod(TestInvoker.java:173)
at org.testng.internal.MethodRunner.runInSequence(MethodRunner.java:46)
at org.testng.internal.TestInvoker$MethodInvocationAgent.invoke(TestInvoker.java:824)
at org.testng.internal.TestInvoker.invokeTestMethods(TestInvoker.java:146)
at org.testng.internal.TestMethodWorker.invokeTestMethods(TestMethodWorker.java:146)
at org.testng.internal.TestMethodWorker.run(TestMethodWorker.java:128)
at java.base/java.util.ArrayList.forEach(ArrayList.java:1511)
at org.testng.TestRunner.privateRun(TestRunner.java:794)
at org.testng.TestRunner.run(TestRunner.java:596)
at org.testng.SuiteRunner.runTest(SuiteRunner.java:377)
at org.testng.SuiteRunner.runSequentially(SuiteRunner.java:371)
at org.testng.SuiteRunner.privateRun(SuiteRunner.java:332)
at org.testng.SuiteRunner.run(SuiteRunner.java:276)
at org.testng.SuiteRunnerWorker.runSuite(SuiteRunnerWorker.java:53)
at org.testng.SuiteRunnerWorker.run(SuiteRunnerWorker.java:96)
at org.testng.TestNG.runSuitesSequentially(TestNG.java:1212)
at org.testng.TestNG.runSuitesLocally(TestNG.java:1134)
at org.testng.TestNG.runSuites(TestNG.java:1063)
at org.testng.TestNG.run(TestNG.java:1031)
at org.testng.remote.AbstractRemoteTestNG.run(AbstractRemoteTestNG.java:115)
at org.testng.remote.RemoteTestNG.initAndRun(RemoteTestNG.java:251)
at org.testng.remote.RemoteTestNG.main(RemoteTestNG.java:77)
]]>
            </full-stacktrace>
          </exception> <!-- org.openqa.selenium.NoSuchElementException -->
          <reporter-output>
          </reporter-output>
        </test-method> <!-- ScrollReels -->
      </class> <!-- TestScript.InstagaramTest -->
    </test> <!-- Default test -->
  </suite> <!-- Default suite -->
</testng-results>
