<?xml version="1.0" encoding="UTF-8"?>
<!-- Generated by org.testng.reporters.JUnitReportReporter -->
<testsuite hostname="DESKTOP-AA4PKFL" failures="0" tests="1" name="AppiumPractisePackage.ApiDemoUsingCoordinatesDragAndDrop" time="16.004" errors="0" timestamp="2023-10-18T00:00:15 GMT-07:00" skipped="0">
  <testcase classname="AppiumPractisePackage.ApiDemoUsingCoordinatesDragAndDrop" name="DragAndDrop" time="16.004"/>
  <system-out/>
</testsuite> <!-- AppiumPractisePackage.ApiDemoUsingCoordinatesDragAndDrop -->
