<?xml version="1.0" encoding="UTF-8"?>
<!-- Generated by org.testng.reporters.JUnitReportReporter -->
<testsuite hostname="DESKTOP-AA4PKFL" failures="0" tests="1" name="AppiumPractisePackage.ChromeBrowserUsingPackageActivityTest" time="9.387" errors="1" timestamp="2023-10-19T05:09:04 GMT-07:00" skipped="0">
  <testcase classname="AppiumPractisePackage.ChromeBrowserUsingPackageActivityTest" name="chromeTest" time="9.387">
    <error message="Could not start a new session. Response code 500. Message: An unknown server-side error occurred while processing the command. Original error: Cannot start the &#039;com.android.chrome&#039; application. Consider checking the driver&#039;s troubleshooting documentation. Original error: Cannot start the &#039;com.android.chrome&#039; application. Consider checking the driver&#039;s troubleshooting documentation. Original error: Activity name &#039;.com.android.apps.chrome.Main&#039; used to start the app doesn&#039;t exist or cannot be launched! Make sure it exists and is a launchable activity 
Host info: host: &#039;DESKTOP-AA4PKFL&#039;, ip: &#039;10.10.61.211&#039;
Build info: version: &#039;4.14.1&#039;, revision: &#039;03f8ede370&#039;
System info: os.name: &#039;Windows 10&#039;, os.arch: &#039;amd64&#039;, os.version: &#039;10.0&#039;, java.version: &#039;17.0.8.1&#039;
Driver info: io.appium.java_client.android.AndroidDriver
Command: [null, newSession {capabilities=[{appium:UDID=88068908, appium:appActivity=com.android.apps.chrome.Main, appium:appPackage=com.android.chrome, appium:automationName=UiAutomator2, appium:deviceName=RedmiNote 9ProMax, platformName=ANDROID}], desiredCapabilities=Capabilities {UDID: 88068908, appActivity: com.android.apps.chrome.Main, appPackage: com.android.chrome, automationName: UiAutomator2, deviceName: RedmiNote 9ProMax, platformName: ANDROID}}]
Capabilities {UDID: 88068908, appActivity: com.android.apps.chrome.Main, appPackage: com.android.chrome, automationName: UiAutomator2, deviceName: RedmiNote 9ProMax, platformName: ANDROID}" type="org.openqa.selenium.SessionNotCreatedException">
      <![CDATA[org.openqa.selenium.SessionNotCreatedException: Could not start a new session. Response code 500. Message: An unknown server-side error occurred while processing the command. Original error: Cannot start the 'com.android.chrome' application. Consider checking the driver's troubleshooting documentation. Original error: Cannot start the 'com.android.chrome' application. Consider checking the driver's troubleshooting documentation. Original error: Activity name '.com.android.apps.chrome.Main' used to start the app doesn't exist or cannot be launched! Make sure it exists and is a launchable activity 
Host info: host: 'DESKTOP-AA4PKFL', ip: '10.10.61.211'
Build info: version: '4.14.1', revision: '03f8ede370'
System info: os.name: 'Windows 10', os.arch: 'amd64', os.version: '10.0', java.version: '17.0.8.1'
Driver info: io.appium.java_client.android.AndroidDriver
Command: [null, newSession {capabilities=[{appium:UDID=88068908, appium:appActivity=com.android.apps.chrome.Main, appium:appPackage=com.android.chrome, appium:automationName=UiAutomator2, appium:deviceName=RedmiNote 9ProMax, platformName=ANDROID}], desiredCapabilities=Capabilities {UDID: 88068908, appActivity: com.android.apps.chrome.Main, appPackage: com.android.chrome, automationName: UiAutomator2, deviceName: RedmiNote 9ProMax, platformName: ANDROID}}]
Capabilities {UDID: 88068908, appActivity: com.android.apps.chrome.Main, appPackage: com.android.chrome, automationName: UiAutomator2, deviceName: RedmiNote 9ProMax, platformName: ANDROID}
at org.openqa.selenium.remote.ProtocolHandshake.createSession(ProtocolHandshake.java:140)
at java.base/jdk.internal.reflect.NativeMethodAccessorImpl.invoke0(Native Method)
at java.base/jdk.internal.reflect.NativeMethodAccessorImpl.invoke(NativeMethodAccessorImpl.java:77)
at java.base/jdk.internal.reflect.DelegatingMethodAccessorImpl.invoke(DelegatingMethodAccessorImpl.java:43)
at java.base/java.lang.reflect.Method.invoke(Method.java:568)
at io.appium.java_client.remote.AppiumProtocolHandshake.createSession(AppiumProtocolHandshake.java:133)
at io.appium.java_client.remote.AppiumProtocolHandshake.createSession(AppiumProtocolHandshake.java:102)
at io.appium.java_client.remote.AppiumCommandExecutor.createSession(AppiumCommandExecutor.java:177)
at io.appium.java_client.remote.AppiumCommandExecutor.execute(AppiumCommandExecutor.java:238)
at org.openqa.selenium.remote.RemoteWebDriver.execute(RemoteWebDriver.java:602)
at io.appium.java_client.AppiumDriver.startSession(AppiumDriver.java:268)
at org.openqa.selenium.remote.RemoteWebDriver.<init>(RemoteWebDriver.java:163)
at io.appium.java_client.AppiumDriver.<init>(AppiumDriver.java:90)
at io.appium.java_client.AppiumDriver.<init>(AppiumDriver.java:102)
at io.appium.java_client.android.AndroidDriver.<init>(AndroidDriver.java:109)
at AppiumPractisePackage.ChromeBrowserUsingPackageActivityTest.chromeTest(ChromeBrowserUsingPackageActivityTest.java:28)
at java.base/jdk.internal.reflect.NativeMethodAccessorImpl.invoke0(Native Method)
at java.base/jdk.internal.reflect.NativeMethodAccessorImpl.invoke(NativeMethodAccessorImpl.java:77)
at java.base/jdk.internal.reflect.DelegatingMethodAccessorImpl.invoke(DelegatingMethodAccessorImpl.java:43)
at java.base/java.lang.reflect.Method.invoke(Method.java:568)
at org.testng.internal.MethodInvocationHelper.invokeMethod(MethodInvocationHelper.java:133)
at org.testng.internal.TestInvoker.invokeMethod(TestInvoker.java:598)
at org.testng.internal.TestInvoker.invokeTestMethod(TestInvoker.java:173)
at org.testng.internal.MethodRunner.runInSequence(MethodRunner.java:46)
at org.testng.internal.TestInvoker$MethodInvocationAgent.invoke(TestInvoker.java:824)
at org.testng.internal.TestInvoker.invokeTestMethods(TestInvoker.java:146)
at org.testng.internal.TestMethodWorker.invokeTestMethods(TestMethodWorker.java:146)
at org.testng.internal.TestMethodWorker.run(TestMethodWorker.java:128)
at java.base/java.util.ArrayList.forEach(ArrayList.java:1511)
at org.testng.TestRunner.privateRun(TestRunner.java:794)
at org.testng.TestRunner.run(TestRunner.java:596)
at org.testng.SuiteRunner.runTest(SuiteRunner.java:377)
at org.testng.SuiteRunner.runSequentially(SuiteRunner.java:371)
at org.testng.SuiteRunner.privateRun(SuiteRunner.java:332)
at org.testng.SuiteRunner.run(SuiteRunner.java:276)
at org.testng.SuiteRunnerWorker.runSuite(SuiteRunnerWorker.java:53)
at org.testng.SuiteRunnerWorker.run(SuiteRunnerWorker.java:96)
at org.testng.TestNG.runSuitesSequentially(TestNG.java:1212)
at org.testng.TestNG.runSuitesLocally(TestNG.java:1134)
at org.testng.TestNG.runSuites(TestNG.java:1063)
at org.testng.TestNG.run(TestNG.java:1031)
at org.testng.remote.AbstractRemoteTestNG.run(AbstractRemoteTestNG.java:115)
at org.testng.remote.RemoteTestNG.initAndRun(RemoteTestNG.java:251)
at org.testng.remote.RemoteTestNG.main(RemoteTestNG.java:77)
]]>
    </error>
  </testcase> <!-- chromeTest -->
  <system-out/>
</testsuite> <!-- AppiumPractisePackage.ChromeBrowserUsingPackageActivityTest -->
