<?xml version="1.0" encoding="UTF-8"?>
<!-- Generated by org.testng.reporters.JUnitReportReporter -->
<testsuite hostname="DESKTOP-AA4PKFL" failures="0" tests="1" name="AppiumPractisePackage.APIDemoUSINGCordinatesWithoutUsingClickMethod" time="12.304" errors="0" timestamp="2023-10-17T22:45:25 GMT-07:00" skipped="0">
  <testcase classname="AppiumPractisePackage.APIDemoUSINGCordinatesWithoutUsingClickMethod" name="withoutUsingClick" time="12.304"/>
  <system-out/>
</testsuite> <!-- AppiumPractisePackage.APIDemoUSINGCordinatesWithoutUsingClickMethod -->
