<?xml version="1.0" encoding="UTF-8"?>
<!-- Generated by org.testng.reporters.JUnitReportReporter -->
<testsuite hostname="DESKTOP-AA4PKFL" failures="0" tests="1" name="AppiumPractisePackage.AddToCartInGeneralStoreTest" time="51.072" errors="0" timestamp="2023-10-19T18:41:36 GMT-07:00" skipped="0">
  <testcase classname="AppiumPractisePackage.AddToCartInGeneralStoreTest" name="ProductListAddCart" time="51.072"/>
  <system-out/>
</testsuite> <!-- AppiumPractisePackage.AddToCartInGeneralStoreTest -->
