<?xml version="1.0" encoding="UTF-8"?>
<!-- Generated by org.testng.reporters.JUnitReportReporter -->
<testsuite hostname="DESKTOP-AA4PKFL" failures="0" tests="1" name="AppiumPractisePackage.ScrollToParticularElement" time="20.197" errors="0" timestamp="2023-10-18T03:53:30 GMT-07:00" skipped="0">
  <testcase classname="AppiumPractisePackage.ScrollToParticularElement" name="ScrollToElement" time="20.197"/>
  <system-out/>
</testsuite> <!-- AppiumPractisePackage.ScrollToParticularElement -->
