<?xml version="1.0" encoding="UTF-8"?>
<!-- Generated by org.testng.reporters.JUnitReportReporter -->
<testsuite hostname="DESKTOP-AA4PKFL" failures="0" tests="1" name="AppiumPractisePackage.ApiDemoTestUsingCoordinates" time="17.205" errors="0" timestamp="2023-10-18T00:01:33 GMT-07:00" skipped="0">
  <testcase classname="AppiumPractisePackage.ApiDemoTestUsingCoordinates" name="coordinatesApiDemoTest" time="17.205"/>
  <system-out/>
</testsuite> <!-- AppiumPractisePackage.ApiDemoTestUsingCoordinates -->
